Akira@MBP gomodule % go env
GO111MODULE=""
GOARCH="amd64"
GOBIN=""
GOCACHE="/Users/Akira/Library/Caches/go-build"
GOENV="/Users/Akira/Library/Application Support/go/env"
GOEXE=""
GOFLAGS=""
GOHOSTARCH="amd64"
GOHOSTOS="darwin"
GOINSECURE=""
GOMODCACHE="/Users/Akira/go/pkg/mod"
GONOPROXY=""
GONOSUMDB=""
GOOS="darwin"
GOPATH="/Users/Akira/go"
GOPRIVATE=""
GOPROXY="https://proxy.golang.org,direct"
GOROOT="/usr/local/Cellar/go/1.16.6/libexec"
GOSUMDB="sum.golang.org"
GOTMPDIR=""
GOTOOLDIR="/usr/local/Cellar/go/1.16.6/libexec/pkg/tool/darwin_amd64"
GOVCS=""
GOVERSION="go1.16.6"
GCCGO="gccgo"
AR="ar"
CC="clang"
CXX="clang++"
CGO_ENABLED="1"
GOMOD="/dev/null"
CGO_CFLAGS="-g -O2"
CGO_CPPFLAGS=""
CGO_CXXFLAGS="-g -O2"
CGO_FFLAGS="-g -O2"
CGO_LDFLAGS="-g -O2"
PKG_CONFIG="pkg-config"
GOGCCFLAGS="-fPIC -arch x86_64 -m64 -pthread -fno-caret-diagnostics -Qunused-arguments -fmessage-length=0 -fdebug-prefix-map=/var/folders/5m/29zwdxmj52q7klt6qnkzxn_40000gp/T/go-build1819858735=/tmp/go-build -gno-record-gcc-switches -fno-common"
Akira@MBP gomodule %
